--- XVM HEAP DUMP ---
PC: 2374 | FP: 0 | HP: 101340
------------------------------
[100000] 99                   | 'c'
[100001] 104                  | 'h'
[100002] 97                   | 'a'
[100003] 105                  | 'i'
[100004] 110                  | 'n'
[100005] 46                   | '.'
[100006] 106                  | 'j'
[100007] 115                  | 's'
[100008] 111                  | 'o'
[100009] 110                  | 'n'
[100010] 0                    
[100011] 108                  | 'l'
[100012] 111                  | 'o'
[100013] 103                  | 'g'
[100014] 115                  | 's'
[100015] 46                   | '.'
[100016] 116                  | 't'
[100017] 120                  | 'x'
[100018] 116                  | 't'
[100019] 0                    
[100020] 32                   | ' '
[100021] 0                    
[100022] 123                  | '{'
[100023] 32                   | ' '
[100024] 39                   | '''
[100025] 98                   | 'b'
[100026] 108                  | 'l'
[100027] 111                  | 'o'
[100028] 99                   | 'c'
[100029] 107                  | 'k'
[100030] 39                   | '''
[100031] 58                   | ':'
[100032] 32                   | ' '
[100033] 123                  | '{'
[100034] 32                   | ' '
[100035] 0                    
[100036] 32                   | ' '
[100037] 39                   | '''
[100038] 99                   | 'c'
[100039] 111                  | 'o'
[100040] 114                  | 'r'
[100041] 112                  | 'p'
[100042] 95                   | '_'
[100043] 105                  | 'i'
[100044] 100                  | 'd'
[100045] 39                   | '''
[100046] 58                   | ':'
[100047] 32                   | ' '
[100048] 0                    
[100049] 48                   | '0'
[100050] 120                  | 'x'
[100051] 68                   | 'D'
[100052] 69                   | 'E'
[100053] 65                   | 'A'
[100054] 68                   | 'D'
[100055] 66                   | 'B'
[100056] 69                   | 'E'
[100057] 69                   | 'E'
[100058] 70                   | 'F'
[100059] 0                    
[100060] 44                   | ','
[100061] 32                   | ' '
[100062] 39                   | '''
[100063] 100                  | 'd'
[100064] 111                  | 'o'
[100065] 99                   | 'c'
[100066] 95                   | '_'
[100067] 105                  | 'i'
[100068] 100                  | 'd'
[100069] 39                   | '''
[100070] 58                   | ':'
[100071] 32                   | ' '
[100072] 0                    
[100073] 49                   | '1'
[100074] 48                   | '0'
[100075] 50                   | '2'
[100076] 52                   | '4'
[100077] 53                   | '5'
[100078] 0                    
[100079] 32                   | ' '
[100080] 125                  | '}'
[100081] 32                   | ' '
[100082] 125                  | '}'
[100083] 0                    
[100084] 45                   | '-'
[100085] 45                   | '-'
[100086] 45                   | '-'
[100087] 32                   | ' '
[100088] 75                   | 'K'
[100089] 101                  | 'e'
[100090] 114                  | 'r'
[100091] 110                  | 'n'
[100092] 101                  | 'e'
[100093] 108                  | 'l'
[100094] 32                   | ' '
[100095] 66                   | 'B'
[100096] 111                  | 'o'
[100097] 111                  | 'o'
[100098] 116                  | 't'
[100099] 58                   | ':'
[100100] 32                   | ' '
[100101] 83                   | 'S'
[100102] 121                  | 'y'
[100103] 115                  | 's'
[100104] 116                  | 't'
[100105] 101                  | 'e'
[100106] 109                  | 'm'
[100107] 32                   | ' '
[100108] 82                   | 'R'
[100109] 101                  | 'e'
[100110] 97                   | 'a'
[100111] 100                  | 'd'
[100112] 121                  | 'y'
[100113] 32                   | ' '
[100114] 45                   | '-'
[100115] 45                   | '-'
[100116] 45                   | '-'
[100117] 92                   | '\'
[100118] 110                  | 'n'
[100119] 0                    
[100120] 67                   | 'C'
[100121] 111                  | 'o'
[100122] 114                  | 'r'
[100123] 101                  | 'e'
[100124] 58                   | ':'
[100125] 32                   | ' '
[100126] 66                   | 'B'
[100127] 108                  | 'l'
[100128] 111                  | 'o'
[100129] 99                   | 'c'
[100130] 107                  | 'k'
[100131] 99                   | 'c'
[100132] 104                  | 'h'
[100133] 97                   | 'a'
[100134] 105                  | 'i'
[100135] 110                  | 'n'
[100136] 32                   | ' '
[100137] 101                  | 'e'
[100138] 110                  | 'n'
[100139] 103                  | 'g'
[100140] 105                  | 'i'
[100141] 110                  | 'n'
[100142] 101                  | 'e'
[100143] 32                   | ' '
[100144] 105                  | 'i'
[100145] 110                  | 'n'
[100146] 105                  | 'i'
[100147] 116                  | 't'
[100148] 105                  | 'i'
[100149] 97                   | 'a'
[100150] 108                  | 'l'
[100151] 105                  | 'i'
[100152] 122                  | 'z'
[100153] 101                  | 'e'
[100154] 100                  | 'd'
[100155] 46                   | '.'
[100156] 0                    
[100157] 67                   | 'C'
[100158] 111                  | 'o'
[100159] 114                  | 'r'
[100160] 101                  | 'e'
[100161] 58                   | ':'
[100162] 32                   | ' '
[100163] 82                   | 'R'
[100164] 117                  | 'u'
[100165] 110                  | 'n'
[100166] 110                  | 'n'
[100167] 105                  | 'i'
[100168] 110                  | 'n'
[100169] 103                  | 'g'
[100170] 32                   | ' '
[100171] 118                  | 'v'
[100172] 97                   | 'a'
[100173] 108                  | 'l'
[100174] 105                  | 'i'
[100175] 100                  | 'd'
[100176] 97                   | 'a'
[100177] 116                  | 't'
[100178] 105                  | 'i'
[100179] 111                  | 'o'
[100180] 110                  | 'n'
[100181] 46                   | '.'
[100182] 46                   | '.'
[100183] 46                   | '.'
[100184] 0                    
[100185] 86                   | 'V'
[100186] 101                  | 'e'
[100187] 114                  | 'r'
[100188] 105                  | 'i'
[100189] 102                  | 'f'
[100190] 121                  | 'y'
[100191] 58                   | ':'
[100192] 32                   | ' '
[100193] 78                   | 'N'
[100194] 111                  | 'o'
[100195] 32                   | ' '
[100196] 99                   | 'c'
[100197] 104                  | 'h'
[100198] 97                   | 'a'
[100199] 105                  | 'i'
[100200] 110                  | 'n'
[100201] 32                   | ' '
[100202] 102                  | 'f'
[100203] 105                  | 'i'
[100204] 108                  | 'l'
[100205] 101                  | 'e'
[100206] 32                   | ' '
[100207] 102                  | 'f'
[100208] 111                  | 'o'
[100209] 117                  | 'u'
[100210] 110                  | 'n'
[100211] 100                  | 'd'
[100212] 46                   | '.'
[100213] 0                    
[100214] 67                   | 'C'
[100215] 111                  | 'o'
[100216] 114                  | 'r'
[100217] 101                  | 'e'
[100218] 58                   | ':'
[100219] 32                   | ' '
[100220] 67                   | 'C'
[100221] 111                  | 'o'
[100222] 109                  | 'm'
[100223] 109                  | 'm'
[100224] 105                  | 'i'
[100225] 116                  | 't'
[100226] 116                  | 't'
[100227] 105                  | 'i'
[100228] 110                  | 'n'
[100229] 103                  | 'g'
[100230] 32                   | ' '
[100231] 98                   | 'b'
[100232] 108                  | 'l'
[100233] 111                  | 'o'
[100234] 99                   | 'c'
[100235] 107                  | 'k'
[100236] 46                   | '.'
[100237] 46                   | '.'
[100238] 46                   | '.'
[100239] 0                    
[100240] 123                  | '{'
[100241] 32                   | ' '
[100242] 39                   | '''
[100243] 105                  | 'i'
[100244] 110                  | 'n'
[100245] 100                  | 'd'
[100246] 101                  | 'e'
[100247] 120                  | 'x'
[100248] 39                   | '''
[100249] 58                   | ':'
[100250] 32                   | ' '
[100251] 0                    
[100252] 44                   | ','
[100253] 32                   | ' '
[100254] 39                   | '''
[100255] 112                  | 'p'
[100256] 114                  | 'r'
[100257] 101                  | 'e'
[100258] 118                  | 'v'
[100259] 95                   | '_'
[100260] 104                  | 'h'
[100261] 97                   | 'a'
[100262] 115                  | 's'
[100263] 104                  | 'h'
[100264] 39                   | '''
[100265] 58                   | ':'
[100266] 32                   | ' '
[100267] 39                   | '''
[100268] 0                    
[100269] 39                   | '''
[100270] 44                   | ','
[100271] 32                   | ' '
[100272] 39                   | '''
[100273] 104                  | 'h'
[100274] 97                   | 'a'
[100275] 115                  | 's'
[100276] 104                  | 'h'
[100277] 39                   | '''
[100278] 58                   | ':'
[100279] 32                   | ' '
[100280] 39                   | '''
[100281] 0                    
[100282] 39                   | '''
[100283] 44                   | ','
[100284] 32                   | ' '
[100285] 39                   | '''
[100286] 115                  | 's'
[100287] 105                  | 'i'
[100288] 122                  | 'z'
[100289] 101                  | 'e'
[100290] 39                   | '''
[100291] 58                   | ':'
[100292] 32                   | ' '
[100293] 0                    
[100294] 32                   | ' '
[100295] 125                  | '}'
[100296] 92                   | '\'
[100297] 110                  | 'n'
[100298] 0                    
[100299] 67                   | 'C'
[100300] 111                  | 'o'
[100301] 114                  | 'r'
[100302] 101                  | 'e'
[100303] 58                   | ':'
[100304] 32                   | ' '
[100305] 66                   | 'B'
[100306] 108                  | 'l'
[100307] 111                  | 'o'
[100308] 99                   | 'c'
[100309] 107                  | 'k'
[100310] 32                   | ' '
[100311] 99                   | 'c'
[100312] 111                  | 'o'
[100313] 109                  | 'm'
[100314] 109                  | 'm'
[100315] 105                  | 'i'
[100316] 116                  | 't'
[100317] 116                  | 't'
[100318] 101                  | 'e'
[100319] 100                  | 'd'
[100320] 32                   | ' '
[100321] 115                  | 's'
[100322] 117                  | 'u'
[100323] 99                   | 'c'
[100324] 99                   | 'c'
[100325] 101                  | 'e'
[100326] 115                  | 's'
[100327] 115                  | 's'
[100328] 102                  | 'f'
[100329] 117                  | 'u'
[100330] 108                  | 'l'
[100331] 108                  | 'l'
[100332] 121                  | 'y'
[100333] 46                   | '.'
[100334] 0                    
[100335] 65                   | 'A'
[100336] 99                   | 'c'
[100337] 116                  | 't'
[100338] 105                  | 'i'
[100339] 111                  | 'o'
[100340] 110                  | 'n'
[100341] 58                   | ':'
[100342] 32                   | ' '
[100343] 67                   | 'C'
[100344] 114                  | 'r'
[100345] 101                  | 'e'
[100346] 97                   | 'a'
[100347] 116                  | 't'
[100348] 105                  | 'i'
[100349] 110                  | 'n'
[100350] 103                  | 'g'
[100351] 32                   | ' '
[100352] 87                   | 'W'
[100353] 97                   | 'a'
[100354] 108                  | 'l'
[100355] 108                  | 'l'
[100356] 101                  | 'e'
[100357] 116                  | 't'
[100358] 46                   | '.'
[100359] 46                   | '.'
[100360] 46                   | '.'
[100361] 0                    
[100362] 65                   | 'A'
[100363] 99                   | 'c'
[100364] 116                  | 't'
[100365] 105                  | 'i'
[100366] 111                  | 'o'
[100367] 110                  | 'n'
[100368] 58                   | ':'
[100369] 32                   | ' '
[100370] 77                   | 'M'
[100371] 105                  | 'i'
[100372] 110                  | 'n'
[100373] 116                  | 't'
[100374] 105                  | 'i'
[100375] 110                  | 'n'
[100376] 103                  | 'g'
[100377] 32                   | ' '
[100378] 78                   | 'N'
[100379] 70                   | 'F'
[100380] 84                   | 'T'
[100381] 32                   | ' '
[100382] 68                   | 'D'
[100383] 111                  | 'o'
[100384] 99                   | 'c'
[100385] 117                  | 'u'
[100386] 109                  | 'm'
[100387] 101                  | 'e'
[100388] 110                  | 'n'
[100389] 116                  | 't'
[100390] 46                   | '.'
[100391] 46                   | '.'
[100392] 46                   | '.'
[100393] 0                    
[100394] 69                   | 'E'
[100395] 114                  | 'r'
[100396] 114                  | 'r'
[100397] 111                  | 'o'
[100398] 114                  | 'r'
[100399] 58                   | ':'
[100400] 32                   | ' '
[100401] 85                   | 'U'
[100402] 110                  | 'n'
[100403] 97                   | 'a'
[100404] 117                  | 'u'
[100405] 116                  | 't'
[100406] 104                  | 'h'
[100407] 111                  | 'o'
[100408] 114                  | 'r'
[100409] 105                  | 'i'
[100410] 122                  | 'z'
[100411] 101                  | 'e'
[100412] 100                  | 'd'
[100413] 32                   | ' '
[100414] 99                   | 'c'
[100415] 114                  | 'r'
[100416] 101                  | 'e'
[100417] 97                   | 'a'
[100418] 116                  | 't'
[100419] 111                  | 'o'
[100420] 114                  | 'r'
[100421] 33                   | '!'
[100422] 0                    
[100423] 65                   | 'A'
[100424] 99                   | 'c'
[100425] 116                  | 't'
[100426] 105                  | 'i'
[100427] 111                  | 'o'
[100428] 110                  | 'n'
[100429] 58                   | ':'
[100430] 32                   | ' '
[100431] 84                   | 'T'
[100432] 114                  | 'r'
[100433] 97                   | 'a'
[100434] 110                  | 'n'
[100435] 115                  | 's'
[100436] 102                  | 'f'
[100437] 101                  | 'e'
[100438] 114                  | 'r'
[100439] 114                  | 'r'
[100440] 105                  | 'i'
[100441] 110                  | 'n'
[100442] 103                  | 'g'
[100443] 32                   | ' '
[100444] 78                   | 'N'
[100445] 70                   | 'F'
[100446] 84                   | 'T'
[100447] 46                   | '.'
[100448] 46                   | '.'
[100449] 46                   | '.'
[100450] 0                    
[100451] 65                   | 'A'
[100452] 99                   | 'c'
[100453] 116                  | 't'
[100454] 105                  | 'i'
[100455] 111                  | 'o'
[100456] 110                  | 'n'
[100457] 58                   | ':'
[100458] 32                   | ' '
[100459] 68                   | 'D'
[100460] 101                  | 'e'
[100461] 97                   | 'a'
[100462] 99                   | 'c'
[100463] 116                  | 't'
[100464] 105                  | 'i'
[100465] 118                  | 'v'
[100466] 97                   | 'a'
[100467] 116                  | 't'
[100468] 105                  | 'i'
[100469] 110                  | 'n'
[100470] 103                  | 'g'
[100471] 32                   | ' '
[100472] 78                   | 'N'
[100473] 70                   | 'F'
[100474] 84                   | 'T'
[100475] 46                   | '.'
[100476] 46                   | '.'
[100477] 46                   | '.'
[100478] 0                    
[100479] 69                   | 'E'
[100480] 114                  | 'r'
[100481] 114                  | 'r'
[100482] 111                  | 'o'
[100483] 114                  | 'r'
[100484] 58                   | ':'
[100485] 32                   | ' '
[100486] 79                   | 'O'
[100487] 110                  | 'n'
[100488] 108                  | 'l'
[100489] 121                  | 'y'
[100490] 32                   | ' '
[100491] 99                   | 'c'
[100492] 114                  | 'r'
[100493] 101                  | 'e'
[100494] 97                   | 'a'
[100495] 116                  | 't'
[100496] 111                  | 'o'
[100497] 114                  | 'r'
[100498] 32                   | ' '
[100499] 99                   | 'c'
[100500] 97                   | 'a'
[100501] 110                  | 'n'
[100502] 32                   | ' '
[100503] 100                  | 'd'
[100504] 101                  | 'e'
[100505] 97                   | 'a'
[100506] 99                   | 'c'
[100507] 116                  | 't'
[100508] 105                  | 'i'
[100509] 118                  | 'v'
[100510] 97                   | 'a'
[100511] 116                  | 't'
[100512] 101                  | 'e'
[100513] 33                   | '!'
[100514] 0                    
[100515] 61                   | '='
[100516] 61                   | '='
[100517] 61                   | '='
[100518] 32                   | ' '
[100519] 71                   | 'G'
[100520] 69                   | 'E'
[100521] 77                   | 'M'
[100522] 32                   | ' '
[100523] 66                   | 'B'
[100524] 76                   | 'L'
[100525] 79                   | 'O'
[100526] 67                   | 'C'
[100527] 75                   | 'K'
[100528] 67                   | 'C'
[100529] 72                   | 'H'
[100530] 65                   | 'A'
[100531] 73                   | 'I'
[100532] 78                   | 'N'
[100533] 32                   | ' '
[100534] 83                   | 'S'
[100535] 89                   | 'Y'
[100536] 83                   | 'S'
[100537] 84                   | 'T'
[100538] 69                   | 'E'
[100539] 77                   | 'M'
[100540] 32                   | ' '
[100541] 83                   | 'S'
[100542] 84                   | 'T'
[100543] 65                   | 'A'
[100544] 82                   | 'R'
[100545] 84                   | 'T'
[100546] 32                   | ' '
[100547] 61                   | '='
[100548] 61                   | '='
[100549] 61                   | '='
[100550] 0                    
[100551] 83                   | 'S'
[100552] 84                   | 'T'
[100553] 79                   | 'O'
[100554] 80                   | 'P'
[100555] 58                   | ':'
[100556] 32                   | ' '
[100557] 67                   | 'C'
[100558] 104                  | 'h'
[100559] 97                   | 'a'
[100560] 105                  | 'i'
[100561] 110                  | 'n'
[100562] 32                   | ' '
[100563] 105                  | 'i'
[100564] 110                  | 'n'
[100565] 116                  | 't'
[100566] 101                  | 'e'
[100567] 103                  | 'g'
[100568] 114                  | 'r'
[100569] 105                  | 'i'
[100570] 116                  | 't'
[100571] 121                  | 'y'
[100572] 32                   | ' '
[100573] 99                   | 'c'
[100574] 111                  | 'o'
[100575] 109                  | 'm'
[100576] 112                  | 'p'
[100577] 114                  | 'r'
[100578] 111                  | 'o'
[100579] 109                  | 'm'
[100580] 105                  | 'i'
[100581] 115                  | 's'
[100582] 101                  | 'e'
[100583] 100                  | 'd'
[100584] 33                   | '!'
[100585] 0                    
[100586] 83                   | 'S'
[100587] 121                  | 'y'
[100588] 115                  | 's'
[100589] 116                  | 't'
[100590] 101                  | 'e'
[100591] 109                  | 'm'
[100592] 32                   | ' '
[100593] 105                  | 'i'
[100594] 110                  | 'n'
[100595] 105                  | 'i'
[100596] 116                  | 't'
[100597] 105                  | 'i'
[100598] 97                   | 'a'
[100599] 108                  | 'l'
[100600] 105                  | 'i'
[100601] 122                  | 'z'
[100602] 101                  | 'e'
[100603] 100                  | 'd'
[100604] 46                   | '.'
[100605] 32                   | ' '
[100606] 82                   | 'R'
[100607] 101                  | 'e'
[100608] 97                   | 'a'
[100609] 100                  | 'd'
[100610] 121                  | 'y'
[100611] 32                   | ' '
[100612] 102                  | 'f'
[100613] 111                  | 'o'
[100614] 114                  | 'r'
[100615] 32                   | ' '
[100616] 116                  | 't'
[100617] 114                  | 'r'
[100618] 97                   | 'a'
[100619] 110                  | 'n'
[100620] 115                  | 's'
[100621] 97                   | 'a'
[100622] 99                   | 'c'
[100623] 116                  | 't'
[100624] 105                  | 'i'
[100625] 111                  | 'o'
[100626] 110                  | 'n'
[100627] 115                  | 's'
[100628] 46                   | '.'
[100629] 0                    
[100630] 0                    
[100631] 0                    
[100632] 65                   | 'A'
[100633] 99                   | 'c'
[100634] 116                  | 't'
[100635] 105                  | 'i'
[100636] 111                  | 'o'
[100637] 110                  | 'n'
[100638] 58                   | ':'
[100639] 32                   | ' '
[100640] 78                   | 'N'
[100641] 68                   | 'D'
[100642] 84                   | 'T'
[100643] 32                   | ' '
[100644] 105                  | 'i'
[100645] 115                  | 's'
[100646] 32                   | ' '
[100647] 105                  | 'i'
[100648] 115                  | 's'
[100649] 115                  | 's'
[100650] 117                  | 'u'
[100651] 105                  | 'i'
[100652] 110                  | 'n'
[100653] 103                  | 'g'
[100654] 32                   | ' '
[100655] 97                   | 'a'
[100656] 32                   | ' '
[100657] 100                  | 'd'
[100658] 105                  | 'i'
[100659] 112                  | 'p'
[100660] 108                  | 'l'
[100661] 111                  | 'o'
[100662] 109                  | 'm'
[100663] 97                   | 'a'
[100664] 32                   | ' '
[100665] 78                   | 'N'
[100666] 70                   | 'F'
[100667] 84                   | 'T'
[100668] 46                   | '.'
[100669] 46                   | '.'
[100670] 46                   | '.'
[100671] 0                    
[100672] 0                    
[100673] 0                    
[100674] 65                   | 'A'
[100675] 99                   | 'c'
[100676] 116                  | 't'
[100677] 105                  | 'i'
[100678] 111                  | 'o'
[100679] 110                  | 'n'
[100680] 58                   | ':'
[100681] 32                   | ' '
[100682] 82                   | 'R'
[100683] 101                  | 'e'
[100684] 118                  | 'v'
[100685] 111                  | 'o'
[100686] 107                  | 'k'
[100687] 105                  | 'i'
[100688] 110                  | 'n'
[100689] 103                  | 'g'
[100690] 32                   | ' '
[100691] 100                  | 'd'
[100692] 105                  | 'i'
[100693] 112                  | 'p'
[100694] 108                  | 'l'
[100695] 111                  | 'o'
[100696] 109                  | 'm'
[100697] 97                   | 'a'
[100698] 32                   | ' '
[100699] 100                  | 'd'
[100700] 117                  | 'u'
[100701] 101                  | 'e'
[100702] 32                   | ' '
[100703] 116                  | 't'
[100704] 111                  | 'o'
[100705] 32                   | ' '
[100706] 101                  | 'e'
[100707] 120                  | 'x'
[100708] 112                  | 'p'
[100709] 105                  | 'i'
[100710] 114                  | 'r'
[100711] 97                   | 'a'
[100712] 116                  | 't'
[100713] 105                  | 'i'
[100714] 111                  | 'o'
[100715] 110                  | 'n'
[100716] 46                   | '.'
[100717] 46                   | '.'
[100718] 46                   | '.'
[100719] 0                    
[100720] 0                    
[100721] 61                   | '='
[100722] 61                   | '='
[100723] 61                   | '='
[100724] 32                   | ' '
[100725] 83                   | 'S'
[100726] 73                   | 'I'
[100727] 77                   | 'M'
[100728] 85                   | 'U'
[100729] 76                   | 'L'
[100730] 65                   | 'A'
[100731] 84                   | 'T'
[100732] 73                   | 'I'
[100733] 79                   | 'O'
[100734] 78                   | 'N'
[100735] 32                   | ' '
[100736] 70                   | 'F'
[100737] 73                   | 'I'
[100738] 78                   | 'N'
[100739] 73                   | 'I'
[100740] 83                   | 'S'
[100741] 72                   | 'H'
[100742] 69                   | 'E'
[100743] 68                   | 'D'
[100744] 32                   | ' '
[100745] 61                   | '='
[100746] 61                   | '='
[100747] 61                   | '='
[100748] 0                    
[100749] 65                   | 'A'
[100750] 108                  | 'l'
[100751] 108                  | 'l'
[100752] 32                   | ' '
[100753] 116                  | 't'
[100754] 114                  | 'r'
[100755] 97                   | 'a'
[100756] 110                  | 'n'
[100757] 115                  | 's'
[100758] 97                   | 'a'
[100759] 99                   | 'c'
[100760] 116                  | 't'
[100761] 105                  | 'i'
[100762] 111                  | 'o'
[100763] 110                  | 'n'
[100764] 115                  | 's'
[100765] 32                   | ' '
[100766] 97                   | 'a'
[100767] 114                  | 'r'
[100768] 101                  | 'e'
[100769] 32                   | ' '
[100770] 114                  | 'r'
[100771] 101                  | 'e'
[100772] 99                   | 'c'
[100773] 111                  | 'o'
[100774] 114                  | 'r'
[100775] 100                  | 'd'
[100776] 101                  | 'e'
[100777] 100                  | 'd'
[100778] 32                   | ' '
[100779] 105                  | 'i'
[100780] 110                  | 'n'
[100781] 32                   | ' '
[100782] 99                   | 'c'
[100783] 104                  | 'h'
[100784] 97                   | 'a'
[100785] 105                  | 'i'
[100786] 110                  | 'n'
[100787] 46                   | '.'
[100788] 106                  | 'j'
[100789] 115                  | 's'
[100790] 111                  | 'o'
[100791] 110                  | 'n'
[100792] 32                   | ' '
[100793] 97                   | 'a'
[100794] 110                  | 'n'
[100795] 100                  | 'd'
[100796] 32                   | ' '
[100797] 108                  | 'l'
[100798] 111                  | 'o'
[100799] 103                  | 'g'
[100800] 115                  | 's'
[100801] 46                   | '.'
[100802] 116                  | 't'
[100803] 120                  | 'x'
[100804] 116                  | 't'
[100805] 0                    
[100806] 885                  
[100807] 2457                 
[100808] 0                    
[100809] 0                    
[100810] 0                    
[100811] 0                    
[100812] 0                    
[100813] 0                    
[100814] 0                    
[100815] 0                    
[100816] 4794697086780616226  
[100817] 8158064640168781261  
[100818] 13096744586834688815 
[100819] 16840607885511220156 
[100820] 4131703408338449720  
[100821] 6480981068601479193  
[100822] 10538285296894168987 
[100823] 12329834152419229976 
[100824] 15566598209576043074 
[100825] 1334009975649890238  
[100826] 2608012711638119052  
[100827] 6128411473006802146  
[100828] 8268148722764580194  
[100829] 9286055187155687089  
[100830] 11230858885718282805 
[100831] 13951009754708518548 
[100832] 16472876342353939154 
[100833] 17275323862435702243 
[100834] 1135362057144423861  
[100835] 2597628984639134821  
[100836] 3308224258029322869  
[100837] 5365058923640841347  
[100838] 6679025012923562964  
[100839] 8573033837759648693  
[100840] 10970295158949994411 
[100841] 12119686244451234320 
[100842] 12683024718118986047 
[100843] 13788192230050041572 
[100844] 14330467153632333762 
[100845] 15395433587784984357 
[100846] 489312712824947311   
[100847] 1452737877330783856  
[100848] 2861767655752347644  
[100849] 3322285676063803686  
[100850] 5560940570517711597  
[100851] 5996557281743188959  
[100852] 7280758554555802590  
[100853] 8532644243296465576  
[100854] 9350256976987008742  
[100855] 10552545826968843579 
[100856] 11727347734174303076 
[100857] 12113106623233404929 
[100858] 14000437183269869457 
[100859] 14369950271660146224 
[100860] 15101387698204529176 
[100861] 15463397548674623760 
[100862] 17586052441742319658 
[100863] 1182934255886127544  
[100864] 1847814050463011016  
[100865] 2177327727835720531  
[100866] 2830643537854262169  
[100867] 3796741975233480872  
[100868] 4115178125766777443  
[100869] 5681478168544905931  
[100870] 6601373596472566643  
[100871] 7507060721942968483  
[100872] 8399075790359081724  
[100873] 8693463985226723168  
[100874] 9568029438360202098  
[100875] 10144078919501101548 
[100876] 10430055236837252648 
[100877] 11840083180663258601 
[100878] 13761210420658862357 
[100879] 14299343276471374635 
[100880] 14566680578165727644 
[100881] 15097957966210449927 
[100882] 16922976911328602910 
[100883] 17689382322260857208 
[100884] 500013540394364858   
[100885] 748580250866718886   
[100886] 1242879168328830382  
[100887] 1977374033974150939  
[100888] 2944078676154940804  
[100889] 3659926193048069267  
[100890] 4368137639120453308  
[100891] 4836135668995329356  
[100892] 5532061633213252278  
[100893] 6448918945643986474  
[100894] 6902733635092675308  
[100895] 7801388544844847127  
[100896] 10844139105399984775 
[100897] 2659544146678426710  
[100898] 4553393958273566989  
[100899] 529546821933572194   
[100900] 17624789863238926578 
[100901] 14675346470808939487 
[100902] 16738787063809987699 
[100903] 1335019674778966747  
[100904] 2882343476           
[100905] 1                    
[100906] 1715000000           
[100907] 0                    
[100908] 0                    
[100909] 0                    
[100910] 0                    
[100911] 0                    
[100912] 0                    
[100913] 0                    
[100914] 0                    
[100915] 2882343476           
[100916] 1                    
[100917] 1715000000           
[100918] 0                    
[100919] 0                    
[100920] 0                    
[100921] 0                    
[100922] 0                    
[100923] 0                    
[100924] 0                    
[100925] 0                    
[100926] 0                    
[100927] 2882343476           
[100928] 1                    
[100929] 1715000000           
[100930] 0                    
[100931] 0                    
[100932] 0                    
[100933] 704                  
[100934] 2882343476           
[100935] 660                  
[100936] 4870919930           
[100937] 716                  
[100938] 4338453886           
[100939] 670                  
[100940] 4946077092           
[100941] 2882344187           
[100942] 7260292380           
[100943] 10909182822          
[100944] 8170303279           
[100945] 18155300325          
[100946] 8014824468           
[100947] 25037782130          
[100948] 10960145992          
[100949] 33629212651          
[100950] 25986156005          
[100951] 43920266733          
[100952] 52374452216          
[100953] 61023910864          
[100954] 87479793761          
[100955] 83720217845          
[100956] 138143759073         
[100957] 110717555883         
[100958] 219716928954         
[100959] 185648922344         
[100960] 317093282021         
[100961] 315320736684         
[100962] 399430166073         
[100963] 454924589028         
[100964] 525135221844         
[100965] 714924336151         
[100966] 757321505071         
[100967] 1169693603063        
[100968] 1135418751726        
[100969] 1879930549356        
[100970] 1920055756085        
[100971] 2421857210855        
[100972] 2674110678613        
[100973] 3826460440554        
[100974] 3958764967010        
[100975] 5037999696386        
[100976] 6795229320208        
[100977] 7123302003358        
[100978] 10915982955262       
[100979] 10993287930152       
[100980] 14931001909027       
[100981] 15226998453766       
[100982] 20244127619798       
[100983] 22672097856966       
[100984] 28210616080419       
[100985] 39309522491949       
[100986] 45012208108217       
[100987] 63118551205929       
[100988] 71559835020401       
[100989] 96963141601706       
[100990] 111071744359026      
[100991] 130482635786314      
[100992] 167740157490779      
[100993] 196837373619394      
[100994] 236635097613371      
[100995] 281754844492804      
[100996] 354185759114261      
[100997] 467868238752197      
[100998] 16755684138673456529 
[100999] 9954548963860005761  
[101000] 7385827214526855863  
[101001] 13328460760344039117 
[101002] 16089840443433721823 
[101003] 13226545809809843739 
[101004] 15853062460198356745 
[101005] 8687917043687394968  
[101006] 1431655765           
[101007] 0                    
[101008] 0                    
[101009] 0                    
[101010] 0                    
[101011] 0                    
[101012] 0                    
[101013] 4008636142           
[101014] 1001                 
[101015] 2882343476           
[101016] 885                  
[101017] 1431655765           
[101018] 0                    
[101019] 0                    
[101020] 0                    
[101021] 0                    
[101022] 0                    
[101023] 0                    
[101024] 4008636142           
[101025] 1715000001           
[101026] 1                    
[101027] 16755684138673456529 
[101028] 9954548963860005761  
[101029] 7385827214526855863  
[101030] 13328460760344039117 
[101031] 16089840443433721823 
[101032] 13226545809809843739 
[101033] 15853062460198356745 
[101034] 8687917043687394968  
[101035] 1001                 
[101036] 2882343476           
[101037] 885                  
[101038] 1431655765           
[101039] 0                    
[101040] 0                    
[101041] 0                    
[101042] 0                    
[101043] 0                    
[101044] 0                    
[101045] 4008636142           
[101046] 1715000001           
[101047] 1                    
[101048] 0                    
[101049] 16755684138673456529 
[101050] 9954548963860005761  
[101051] 7385827214526855863  
[101052] 13328460760344039117 
[101053] 16089840443433721823 
[101054] 13226545809809843739 
[101055] 15853062460198356745 
[101056] 8687917043687394968  
[101057] 1001                 
[101058] 2882343476           
[101059] 885                  
[101060] 1431655765           
[101061] 0                    
[101062] 0                    
[101063] 1344                 
[101064] 16839448962802225376 
[101065] 8377800743974489487  
[101066] 16725296834305940846 
[101067] 11154174241904070020 
[101068] 10224087598342935744 
[101069] 2421554299590971589  
[101070] 3700883610145483074  
[101071] 7131826802412909571  
[101072] 2508636216438440418  
[101073] 6289780558801971625  
[101074] 13892706340622210048 
[101075] 16924833055107371287 
[101076] 18262513187737146096 
[101077] 2842581837127301558  
[101078] 4910021976439353398  
[101079] 3340929220392245185  
[101080] 257205211076010466   
[101081] 5288444712031573535  
[101082] 8237025138682016734  
[101083] 7358817250267721068  
[101084] 6133598512773783349  
[101085] 291901863228725596   
[101086] 2522357055701583695  
[101087] 10222823369088191993 
[101088] 16992627345956151233 
[101089] 2988579484963282676  
[101090] 562761084194598907   
[101091] 7595936645192280006  
[101092] 3441735671076648961  
[101093] 17673947070149278537 
[101094] 3078038302393071776  
[101095] 432471460621337167   
[101096] 11967932299392635673 
[101097] 14620162878828952947 
[101098] 17490870202125446319 
[101099] 13571469690203735529 
[101100] 4433790579883121723  
[101101] 18110320475036308901 
[101102] 17297032273153001241 
[101103] 483552052900095575   
[101104] 14808806499687255948 
[101105] 3059680245534473010  
[101106] 359583266726684687   
[101107] 447871855200103240   
[101108] 2585947587941670164  
[101109] 1658357258514063641  
[101110] 6811846967196058183  
[101111] 10466452782707236577 
[101112] 17323930693580392005 
[101113] 4952782143365951312  
[101114] 11830019772368125161 
[101115] 7726601292221432642  
[101116] 80617854057189324    
[101117] 12892276934617874160 
[101118] 9890966737782380033  
[101119] 7670549023195387724  
[101120] 15462730185075895928 
[101121] 4190659531034984584  
[101122] 5013491305570485968  
[101123] 7521618342028641856  
[101124] 4197285381829759553  
[101125] 7170409868421076169  
[101126] 10916767004500191831 
[101127] 14397282425859104025 
[101128] 16227445568080324689 
[101129] 11621709202827589954 
[101130] 10094113766909386044 
[101131] 10094816537299474661 
[101132] 3457785845988607091  
[101133] 8505706243285104273  
[101134] 13665471673205487985 
[101135] 17597273703952173170 
[101136] 1001                 
[101137] 0                    
[101138] 1715000002           
[101139] 16227445568080324689 
[101140] 11621709202827589954 
[101141] 10094113766909386044 
[101142] 10094816537299474661 
[101143] 3457785845988607091  
[101144] 8505706243285104273  
[101145] 13665471673205487985 
[101146] 17597273703952173170 
[101147] 1001                 
[101148] 0                    
[101149] 1715000002           
[101150] 0                    
[101151] 16227445568080324689 
[101152] 11621709202827589954 
[101153] 10094113766909386044 
[101154] 10094816537299474661 
[101155] 3457785845988607091  
[101156] 8505706243285104273  
[101157] 13665471673205487985 
[101158] 17597273703952173170 
[101159] 1001                 
[101160] 0                    
[101161] 1715000002           
[101162] 0                    
[101163] 0                    
[101164] 0                    
[101165] 704                  
[101166] 16145442443559541457 
[101167] 9358122828628801901  
[101168] 3340618758120723844  
[101169] 12500686123260915049 
[101170] 16632700454333631452 
[101171] 6984709165720323054  
[101172] 3170488391106066267  
[101173] 22713309865238782    
[101174] 11836764143898525241 
[101175] 3366485114201118927  
[101176] 6906411128089248548  
[101177] 1344613550271626835  
[101178] 13135766849102124348 
[101179] 4374781420619345339  
[101180] 11721873170233578900 
[101181] 13927099780274404305 
[101182] 4870764585014089403  
[101183] 16884310174679560097 
[101184] 4068759357165705643  
[101185] 4643704809401060145  
[101186] 14083113891795982617 
[101187] 8691163988972139975  
[101188] 14243125364369608805 
[101189] 6917095328743258527  
[101190] 11199272664415008964 
[101191] 2010426443344197825  
[101192] 4419255179788833505  
[101193] 12006805700265954887 
[101194] 11954765412547042135 
[101195] 6240233990133574811  
[101196] 8537944646058163173  
[101197] 18239632896439170192 
[101198] 14148493955340721026 
[101199] 4707926084990507384  
[101200] 18414391889753228664 
[101201] 17368262506080491050 
[101202] 8476394702552745543  
[101203] 11596406803271514737 
[101204] 11288661542882294941 
[101205] 8471077209379745734  
[101206] 9645289935437591487  
[101207] 15235616938209097462 
[101208] 7862987071006855238  
[101209] 9987986431667786079  
[101210] 18321295088589614224 
[101211] 292465287994343898   
[101212] 14602521520527830116 
[101213] 5525744590301225503  
[101214] 12265633717379305062 
[101215] 17368877721150887839 
[101216] 4043268856128428250  
[101217] 5870285893347468076  
[101218] 6539288997457468738  
[101219] 7115167411440056052  
[101220] 12636505275572473279 
[101221] 1404928687419267531  
[101222] 75220167100914184    
[101223] 9985476997134908160  
[101224] 5388744199743703993  
[101225] 9117810785144981088  
[101226] 12087151543990326080 
[101227] 17296684474041205921 
[101228] 15886311832426154180 
[101229] 16666668912348993567 
[101230] 1869015253740705915  
[101231] 6775203119158152721  
[101232] 5847099556745405047  
[101233] 541100363626625211   
[101234] 17655800821536954157 
[101235] 6192012934309374600  
[101236] 13591946881322390561 
[101237] 4652809611424446665  
[101238] 1001                 
[101239] 0                    
[101240] 1715000003           
[101241] 1869015253740705915  
[101242] 6775203119158152721  
[101243] 5847099556745405047  
[101244] 541100363626625211   
[101245] 17655800821536954157 
[101246] 6192012934309374600  
[101247] 13591946881322390561 
[101248] 4652809611424446665  
[101249] 1001                 
[101250] 0                    
[101251] 1715000003           
[101252] 0                    
[101253] 1869015253740705915  
[101254] 6775203119158152721  
[101255] 5847099556745405047  
[101256] 541100363626625211   
[101257] 17655800821536954157 
[101258] 6192012934309374600  
[101259] 13591946881322390561 
[101260] 4652809611424446665  
[101261] 1001                 
[101262] 0                    
[101263] 1715000003           
[101264] 0                    
[101265] 0                    
[101266] 0                    
[101267] 704                  
[101268] 1862805025362369659  
[101269] 8706695251188394977  
[101270] 14583504041097723673 
[101271] 14906249686226310685 
[101272] 14673390640737411761 
[101273] 2185270163142428625  
[101274] 16522782804393707626 
[101275] 3796138579506151824  
[101276] 12958705779629432539 
[101277] 18252248127156643239 
[101278] 8521018637330381648  
[101279] 12444555927619716090 
[101280] 10927223307431440807 
[101281] 11593382309540017908 
[101282] 13528267756188159148 
[101283] 9530468347796140585  
[101284] 4443740008085950458  
[101285] 5849388452307928301  
[101286] 9335484184186381884  
[101287] 10073934647028864196 
[101288] 2211663349024973577  
[101289] 6273609944979931039  
[101290] 13519985242998572125 
[101291] 9298512879335847541  
[101292] 12648588416348517404 
[101293] 9864376653100022558  
[101294] 7502041076027929073  
[101295] 18256872634265487947 
[101296] 17615814739114850942 
[101297] 17868897618106238280 
[101298] 12376343856024997620 
[101299] 6671269398268846225  
[101300] 15313812175964470233 
[101301] 10361826140518783990 
[101302] 15457632138549809282 
[101303] 4243152393041852377  
[101304] 4441655042707385542  
[101305] 18055949192596330362 
[101306] 15249410478751179656 
[101307] 16876245848355982625 
[101308] 10622896544111538838 
[101309] 13612339688983264701 
[101310] 2496707951148355060  
[101311] 15704848864433663361 
[101312] 893677513950979241   
[101313] 4000599870217886167  
[101314] 18705633555184111    
[101315] 17844319572221847939 
[101316] 2312130138845993769  
[101317] 8429310276649476081  
[101318] 1133139266397079596  
[101319] 64480028676617045    
[101320] 9166371620978822737  
[101321] 14890132979719269143 
[101322] 2845629706172212482  
[101323] 8173737761342858855  
[101324] 16763670554647040889 
[101325] 7920435586327490074  
[101326] 17453266845298881099 
[101327] 14374483515289988159 
[101328] 189204251830093544   
[101329] 4310917294613682630  
[101330] 7740355998488031027  
[101331] 4396933525655311352  
[101332] 10844139105399984775 
[101333] 2659544146678426710  
[101334] 4553393958273566989  
[101335] 529546821933572194   
[101336] 17624789863238926578 
[101337] 14675346470808939487 
[101338] 16738787063809987699 
[101339] 1335019674778966747  
[101340] 0                    
